<?xml version="1.0" encoding="UTF-8"?>
<testng-results ignored="0" total="0" passed="0" failed="0" skipped="0">
  <reporter-output>
  </reporter-output>
  <suite started-at="2023-12-05T17:10:17 PST" name="Default suite" finished-at="2023-12-05T17:10:17 PST" duration-ms="180">
    
    <groups>
      <group name="cucumber">
        <method signature="AbstractTestNGCucumberTests.runScenario(io.cucumber.testng.PickleWrapper, io.cucumber.testng.FeatureWrapper)[pri:0, instance:testRunner.RestRunner@393671df]" name="runScenario" class="io.cucumber.testng.AbstractTestNGCucumberTests"/>
      </group> <!-- cucumber -->
    </groups>
    <test started-at="2023-12-05T17:10:17 PST" name="Default test" finished-at="2023-12-05T17:10:17 PST" duration-ms="180">
      <class name="testRunner.RestRunner">
        <test-method is-config="true" signature="setUpClass(org.testng.ITestContext)[pri:0, instance:testRunner.RestRunner@393671df]" started-at="2023-12-05T17:10:17 PST" name="setUpClass" finished-at="2023-12-05T17:10:17 PST" duration-ms="158" status="PASS">
          <params>
            <param index="0">
              <value>
                <![CDATA[org.testng.TestRunner@41f69e84]]>
              </value>
            </param>
          </params>
          <reporter-output>
          </reporter-output>
        </test-method> <!-- setUpClass -->
        <test-method is-config="true" signature="tearDownClass()[pri:0, instance:testRunner.RestRunner@393671df]" started-at="2023-12-05T17:10:17 PST" name="tearDownClass" finished-at="2023-12-05T17:10:17 PST" duration-ms="2" status="PASS">
          <reporter-output>
          </reporter-output>
        </test-method> <!-- tearDownClass -->
      </class> <!-- testRunner.RestRunner -->
    </test> <!-- Default test -->
  </suite> <!-- Default suite -->
</testng-results>
